<?xml version="1.0" encoding="UTF-8"?>
<!-- Generated by org.testng.reporters.JUnitXMLReporter -->
<testsuite ignored="0" hostname="DESKTOP-3BU923C" failures="0" tests="4" name="Test" time="0.066" errors="0" timestamp="2022-08-02T17:30:02 IST">
  <testcase classname="git1.Git_2" name="run" time="0.009"/>
  <testcase classname="ORG.org_2" name="run2233" time="0.001"/>
  <testcase classname="git1.Git_1" name="run" time="0.002"/>
  <testcase classname="ORG.org_1" name="run22" time="0.002"/>
</testsuite> <!-- Test -->
