<?xml version="1.0" encoding="UTF-8"?>
<testng-results ignored="0" total="4" passed="4" failed="0" skipped="0">
  <reporter-output>
  </reporter-output>
  <suite started-at="2022-08-02T17:30:02 IST" name="Suite" finished-at="2022-08-02T17:30:02 IST" duration-ms="66">
    <groups>
    </groups>
    <test started-at="2022-08-02T17:30:02 IST" name="Test" finished-at="2022-08-02T17:30:02 IST" duration-ms="66">
      <class name="ORG.org_2">
        <test-method signature="run2233()[pri:0, instance:ORG.org_2@437da279]" started-at="2022-08-02T17:30:02 IST" name="run2233" finished-at="2022-08-02T17:30:02 IST" duration-ms="1" status="PASS">
          <reporter-output>
          </reporter-output>
        </test-method> <!-- run2233 -->
      </class> <!-- ORG.org_2 -->
      <class name="ORG.org_1">
        <test-method signature="run22()[pri:0, instance:ORG.org_1@1e1a0406]" started-at="2022-08-02T17:30:02 IST" name="run22" finished-at="2022-08-02T17:30:02 IST" duration-ms="2" status="PASS">
          <reporter-output>
          </reporter-output>
        </test-method> <!-- run22 -->
      </class> <!-- ORG.org_1 -->
      <class name="git1.Git_1">
        <test-method signature="run()[pri:0, instance:git1.Git_1@23c30a20]" started-at="2022-08-02T17:30:02 IST" name="run" finished-at="2022-08-02T17:30:02 IST" duration-ms="2" status="PASS">
          <reporter-output>
          </reporter-output>
        </test-method> <!-- run -->
      </class> <!-- git1.Git_1 -->
      <class name="git1.Git_2">
        <test-method signature="run()[pri:0, instance:git1.Git_2@2ea41516]" started-at="2022-08-02T17:30:02 IST" name="run" finished-at="2022-08-02T17:30:02 IST" duration-ms="9" status="PASS">
          <reporter-output>
          </reporter-output>
        </test-method> <!-- run -->
      </class> <!-- git1.Git_2 -->
    </test> <!-- Test -->
  </suite> <!-- Suite -->
</testng-results>
